<?xml version="1.0" encoding="UTF-8"?>
<!-- Generated by org.testng.reporters.JUnitXMLReporter -->
<testsuite ignored="0" hostname="admin-PC" failures="1" tests="1" name="Test" time="0.083" errors="0" timestamp="2021-08-17T00:53:16 IST">
  <testcase classname="com.sdet.TC_Login" name="login_Test" time="0.028">
    <failure type="java.lang.NoSuchMethodError" message="&amp;apos;org.slf4j.impl.StaticLoggerBinder org.slf4j.impl.StaticLoggerBinder.getSingleton()&amp;apos;">
      <![CDATA[java.lang.NoSuchMethodError: 'org.slf4j.impl.StaticLoggerBinder org.slf4j.impl.StaticLoggerBinder.getSingleton()'
at org.slf4j.LoggerFactory.bind(LoggerFactory.java:128)
at org.slf4j.LoggerFactory.performInitialization(LoggerFactory.java:107)
at org.slf4j.LoggerFactory.getILoggerFactory(LoggerFactory.java:295)
at org.slf4j.LoggerFactory.getLogger(LoggerFactory.java:269)
at org.slf4j.LoggerFactory.getLogger(LoggerFactory.java:281)
at io.github.bonigarcia.wdm.WebDriverManager.<clinit>(WebDriverManager.java:124)
at com.sdet.TC_Login.login_Test(TC_Login.java:17)
at java.base/java.util.ArrayList.forEach(ArrayList.java:1511)
... Removed 27 stack frames]]>
    </failure>
  </testcase> <!-- login_Test -->
</testsuite> <!-- Test -->
