-------------------------------------------------------------------------------
Test set: TestSuite
-------------------------------------------------------------------------------
Tests run: 1, Failures: 1, Errors: 0, Skipped: 0, Time elapsed: 0.795 s <<< FAILURE! - in TestSuite
com.sdet.TC_Login.login_Test  Time elapsed: 0.033 s  <<< FAILURE!
java.lang.NoSuchMethodError: 'org.slf4j.impl.StaticLoggerBinder org.slf4j.impl.StaticLoggerBinder.getSingleton()'
	at com.sdet.TC_Login.login_Test(TC_Login.java:17)

