<?xml version="1.0" encoding="UTF-8"?>
<testng-results ignored="0" total="1" passed="0" failed="1" skipped="0">
  <reporter-output>
  </reporter-output>
  <suite started-at="2024-05-19T11:32:25 IST" name="Default suite" finished-at="2024-05-19T11:32:25 IST" duration-ms="290">
    <groups>
    </groups>
    <test started-at="2024-05-19T11:32:25 IST" name="Default test" finished-at="2024-05-19T11:32:25 IST" duration-ms="290">
      <class name="com.sdet.TC_Login">
        <test-method signature="login_Test()[pri:0, instance:com.sdet.TC_Login@3e2e18f2]" started-at="2024-05-19T11:32:25 IST" name="login_Test" finished-at="2024-05-19T11:32:25 IST" duration-ms="133" status="FAIL">
          <exception class="java.lang.NoSuchMethodError">
            <message>
              <![CDATA['org.slf4j.impl.StaticLoggerBinder org.slf4j.impl.StaticLoggerBinder.getSingleton()']]>
            </message>
            <full-stacktrace>
              <![CDATA[java.lang.NoSuchMethodError: 'org.slf4j.impl.StaticLoggerBinder org.slf4j.impl.StaticLoggerBinder.getSingleton()'
at org.slf4j.LoggerFactory.bind(LoggerFactory.java:128)
at org.slf4j.LoggerFactory.performInitialization(LoggerFactory.java:107)
at org.slf4j.LoggerFactory.getILoggerFactory(LoggerFactory.java:295)
at org.slf4j.LoggerFactory.getLogger(LoggerFactory.java:269)
at org.slf4j.LoggerFactory.getLogger(LoggerFactory.java:281)
at io.github.bonigarcia.wdm.WebDriverManager.<clinit>(WebDriverManager.java:124)
at com.sdet.TC_Login.login_Test(TC_Login.java:17)
at java.base/jdk.internal.reflect.NativeMethodAccessorImpl.invoke0(Native Method)
at java.base/jdk.internal.reflect.NativeMethodAccessorImpl.invoke(NativeMethodAccessorImpl.java:78)
at java.base/jdk.internal.reflect.DelegatingMethodAccessorImpl.invoke(DelegatingMethodAccessorImpl.java:43)
at java.base/java.lang.reflect.Method.invoke(Method.java:567)
at org.testng.internal.MethodInvocationHelper.invokeMethod(MethodInvocationHelper.java:132)
at org.testng.internal.TestInvoker.invokeMethod(TestInvoker.java:599)
at org.testng.internal.TestInvoker.invokeTestMethod(TestInvoker.java:174)
at org.testng.internal.MethodRunner.runInSequence(MethodRunner.java:46)
at org.testng.internal.TestInvoker$MethodInvocationAgent.invoke(TestInvoker.java:822)
at org.testng.internal.TestInvoker.invokeTestMethods(TestInvoker.java:147)
at org.testng.internal.TestMethodWorker.invokeTestMethods(TestMethodWorker.java:146)
at org.testng.internal.TestMethodWorker.run(TestMethodWorker.java:128)
at java.base/java.util.ArrayList.forEach(ArrayList.java:1511)
at org.testng.TestRunner.privateRun(TestRunner.java:764)
at org.testng.TestRunner.run(TestRunner.java:585)
at org.testng.SuiteRunner.runTest(SuiteRunner.java:384)
at org.testng.SuiteRunner.runSequentially(SuiteRunner.java:378)
at org.testng.SuiteRunner.privateRun(SuiteRunner.java:337)
at org.testng.SuiteRunner.run(SuiteRunner.java:286)
at org.testng.SuiteRunnerWorker.runSuite(SuiteRunnerWorker.java:53)
at org.testng.SuiteRunnerWorker.run(SuiteRunnerWorker.java:96)
at org.testng.TestNG.runSuitesSequentially(TestNG.java:1218)
at org.testng.TestNG.runSuitesLocally(TestNG.java:1140)
at org.testng.TestNG.runSuites(TestNG.java:1069)
at org.testng.TestNG.run(TestNG.java:1037)
at org.testng.remote.AbstractRemoteTestNG.run(AbstractRemoteTestNG.java:115)
at org.testng.remote.RemoteTestNG.initAndRun(RemoteTestNG.java:251)
at org.testng.remote.RemoteTestNG.main(RemoteTestNG.java:77)
]]>
            </full-stacktrace>
          </exception> <!-- java.lang.NoSuchMethodError -->
          <reporter-output>
          </reporter-output>
        </test-method> <!-- login_Test -->
      </class> <!-- com.sdet.TC_Login -->
    </test> <!-- Default test -->
  </suite> <!-- Default suite -->
</testng-results>
